<!-- generated by test/test_testing.py -->
<!-- provenance: pytest 7.3.2, pytest-rerunfailures 14.0 -->
<testsuites>
  <testsuite name="pytest" errors="2" failures="4" skipped="3" tests="14" time="0.000">
    <testcase classname="TestJunitOutcomes" name="test_pass" time="0.000" file="junit_xml_testdata/pytest_suite.py" />
    <testcase classname="TestJunitOutcomes" name="test_assert_failure" time="0.000" file="junit_xml_testdata/pytest_suite.py">
      <failure message="AssertionError: values differ">Traceback (most recent call last):
ELIDED</failure>
    </testcase>
    <testcase classname="TestJunitOutcomes" name="test_raises_non_assertion" time="0.000" file="junit_xml_testdata/pytest_suite.py">
      <failure message="RuntimeError: runtime error!">Traceback (most recent call last):
ELIDED</failure>
    </testcase>
    <testcase classname="TestJunitOutcomes" name="test_error_in_setup" time="0.000" file="junit_xml_testdata/pytest_suite.py">
      <error message="failed on setup with &quot;RuntimeError: setup error&quot;">Traceback (most recent call last):
ELIDED</error>
    </testcase>
    <testcase classname="TestJunitOutcomes" name="test_error_in_teardown" time="0.000" file="junit_xml_testdata/pytest_suite.py">
      <error message="failed on teardown with &quot;RuntimeError: teardown error&quot;">Traceback (most recent call last):
ELIDED</error>
    </testcase>
    <testcase classname="TestJunitOutcomes" name="test_skipped" time="0.000" file="junit_xml_testdata/pytest_suite.py">
      <skipped type="pytest.skip" message="skipped unconditionally">PATH/pytest_suite.py:LINE: skipped unconditionally</skipped>
    </testcase>
    <testcase classname="TestJunitOutcomes" name="test_skipif" time="0.000" file="junit_xml_testdata/pytest_suite.py">
      <skipped type="pytest.skip" message="skipped conditionally">PATH/pytest_suite.py:LINE: skipped conditionally</skipped>
    </testcase>
    <testcase classname="TestJunitOutcomes" name="test_xfail" time="0.000" file="junit_xml_testdata/pytest_suite.py">
      <skipped type="pytest.xfail" message="known bad" />
    </testcase>
    <testcase classname="TestJunitOutcomes" name="test_xpass_non_strict" time="0.000" file="junit_xml_testdata/pytest_suite.py" />
    <testcase classname="TestJunitOutcomes" name="test_xpass_strict" time="0.000" file="junit_xml_testdata/pytest_suite.py">
      <failure message="[XPASS(strict)] strictly expected to fail">[XPASS(strict)] strictly expected to fail</failure>
    </testcase>
    <testcase classname="TestJunitOutcomes" name="test_rerun_then_pass" time="0.000" file="junit_xml_testdata/pytest_suite.py">
      <rerun message="AssertionError: attempt 1 fails">Traceback (most recent call last):
ELIDED</rerun>
      <rerun message="AssertionError: attempt 2 fails">Traceback (most recent call last):
ELIDED</rerun>
    </testcase>
    <testcase classname="TestJunitOutcomes" name="test_rerun_then_fail" time="0.000" file="junit_xml_testdata/pytest_suite.py">
      <rerun message="AssertionError: attempt 1 fails">Traceback (most recent call last):
ELIDED</rerun>
      <rerun message="AssertionError: attempt 2 fails">Traceback (most recent call last):
ELIDED</rerun>
      <failure message="AssertionError: attempt 3 fails">Traceback (most recent call last):
ELIDED</failure>
    </testcase>
    <testcase classname="TestJunitOutcomes" name="test_no_rerun_needed" time="0.000" file="junit_xml_testdata/pytest_suite.py" />
  </testsuite>
</testsuites>
