SF:/home/svekars/pytorch/torch/csrc/api/include/torch/enum.h
DA:139,0
DA:140,0
DA:141,0
DA:142,0
DA:143,0
DA:144,0
DA:145,0
DA:146,0
DA:147,0
DA:148,0
DA:149,0
DA:150,0
DA:151,0
DA:152,0
DA:153,0
DA:154,0
DA:155,0
DA:156,0
DA:157,0
DA:158,0
DA:159,0
DA:160,0
DA:161,0
DA:162,0
DA:163,0
DA:164,0
DA:165,0
DA:166,0
DA:167,0
DA:168,0
DA:169,0
DA:170,0
DA:171,0
DA:172,0
DA:173,0
DA:174,0
DA:175,0
DA:176,0
DA:177,0
DA:178,0
DA:138,0
DA:119,0
DA:125,0
DA:117,0
DA:116,0
DA:127,0
DA:114,0
DA:111,0
DA:96,0
DA:97,0
DA:98,0
DA:99,0
DA:100,0
DA:101,0
DA:109,0
DA:110,0
DA:105,0
DA:132,0
DA:108,0
DA:95,0
DA:131,0
DA:123,0
DA:122,0
DA:107,0
DA:115,0
DA:120,0
DA:124,0
DA:112,0
DA:128,0
DA:104,0
DA:113,0
DA:130,0
DA:129,0
DA:134,0
DA:102,0
DA:106,0
DA:121,0
DA:103,0
DA:118,0
DA:133,0
DA:126,0
DA:182,0
DA:187,0
end_of_record
SF:/home/svekars/pytorch/torch/csrc/api/include/torch/nn/modules/dropout.h
DA:17,0
DA:19,0
DA:23,1
DA:15,0
DA:154,1
DA:143,0
DA:146,1
DA:139,1
DA:64,1
DA:94,1
DA:83,0
DA:86,1
DA:79,1
DA:124,1
DA:113,0
DA:116,1
DA:109,1
DA:53,0
DA:56,1
DA:49,1
DA:182,1
DA:171,0
DA:174,1
DA:166,1
end_of_record
SF:/home/svekars/pytorch/c10/util/Exception.h
DA:312,0
DA:314,0
DA:308,0
DA:274,0
DA:121,0
DA:327,0
DA:321,0
DA:339,0
DA:345,0
DA:333,0
DA:280,0
DA:64,0
DA:67,0
DA:76,0
DA:85,0
DA:87,0
DA:91,0
DA:95,0
DA:100,1
DA:102,0
DA:109,1
DA:31,1
DA:239,0
DA:249,0
DA:292,0
DA:267,0
DA:286,0
DA:296,0
DA:302,0
DA:261,0
DA:120,0
DA:255,0
DA:228,0
DA:229,0
DA:226,0
DA:125,0
DA:131,0
DA:137,0
DA:144,0
DA:145,0
DA:146,0
DA:147,0
DA:118,0
DA:172,0
DA:174,1
DA:170,0
DA:205,0
DA:209,0
DA:210,0
DA:211,0
DA:212,0
DA:213,0
DA:201,0
DA:168,0
DA:351,0
DA:477,0
DA:480,0
DA:484,0
DA:506,0
DA:511,0
DA:522,0
DA:528,0
DA:536,0
DA:817,0
DA:827,0
DA:837,0
DA:197,1
DA:199,1
DA:221,1
DA:222,0
end_of_record
SF:/home/svekars/pytorch/aten/src/ATen/cudnn/Descriptors.h
DA:385,0
DA:380,0
DA:401,0
DA:203,0
DA:198,0
DA:350,0
DA:353,0
DA:360,0
DA:345,0
DA:105,0
DA:106,0
DA:112,0
DA:97,0
DA:79,0
DA:78,0
DA:239,0
DA:250,0
DA:259,0
DA:230,0
DA:183,0
DA:187,0
DA:189,0
DA:178,0
DA:130,0
DA:125,0
DA:273,0
DA:268,0
DA:224,0
DA:219,0
DA:142,0
DA:143,0
DA:160,0
DA:161,0
DA:162,0
DA:164,0
DA:137,0
DA:31,0
DA:53,0
DA:176,0
DA:196,0
end_of_record
SF:/home/svekars/pytorch/torch/csrc/api/include/torch/optim/adagrad.h
DA:53,0
DA:85,0
DA:89,1
DA:90,1
DA:91,1
DA:51,0
DA:21,0
DA:22,0
DA:23,0
DA:24,0
DA:25,0
DA:26,0
DA:29,0
DA:30,0
DA:34,0
DA:35,0
DA:19,0
DA:40,0
DA:41,0
DA:44,0
DA:45,0
DA:38,0
end_of_record
SF:/home/svekars/pytorch/torch/csrc/api/include/torch/optim/adam.h
DA:53,0
DA:73,0
DA:76,1
DA:77,1
DA:78,1
DA:51,0
DA:18,0
DA:19,0
DA:21,0
DA:22,0
DA:23,0
DA:24,0
DA:27,0
DA:28,0
DA:32,0
DA:33,0
DA:17,0
DA:38,0
DA:39,0
DA:40,0
DA:41,0
DA:44,0
DA:45,0
DA:36,0
end_of_record
SF:/home/svekars/pytorch/torch/csrc/api/include/torch/optim/adamw.h
DA:53,0
DA:73,0
DA:76,1
DA:77,1
DA:78,1
DA:51,0
DA:18,0
DA:19,0
DA:21,0
DA:22,0
DA:23,0
DA:24,0
DA:27,0
DA:28,0
DA:32,0
DA:33,0
DA:17,0
DA:38,0
DA:39,0
DA:40,0
DA:41,0
DA:44,0
DA:45,0
DA:36,0
end_of_record
SF:/home/svekars/pytorch/torch/csrc/api/include/torch/nn/modules/pooling.h
DA:403,1
DA:395,0
DA:389,1
DA:436,1
DA:428,0
DA:418,1
DA:469,1
DA:461,0
DA:451,1
DA:356,0
DA:359,0
DA:363,1
DA:367,1
DA:354,1
DA:274,1
DA:262,0
DA:266,1
DA:256,1
DA:311,1
DA:299,0
DA:303,1
DA:289,1
DA:348,1
DA:336,0
DA:340,1
DA:326,1
DA:223,0
DA:226,0
DA:230,1
DA:234,1
DA:221,1
DA:54,1
DA:46,0
DA:43,1
DA:80,1
DA:72,0
DA:69,1
DA:106,1
DA:98,0
DA:95,1
DA:17,0
DA:19,0
DA:21,1
DA:24,1
DA:15,1
DA:629,1
DA:603,0
DA:605,0
DA:607,1
DA:610,1
DA:612,0
DA:616,1
DA:600,1
DA:674,1
DA:648,0
DA:650,0
DA:652,1
DA:655,1
DA:657,0
DA:661,1
DA:645,1
DA:719,1
DA:711,0
DA:707,1
DA:747,1
DA:739,0
DA:735,1
DA:775,1
DA:767,0
DA:763,1
DA:682,0
DA:684,0
DA:686,1
DA:689,1
DA:680,1
DA:155,1
DA:143,0
DA:147,1
DA:140,1
DA:185,1
DA:173,0
DA:177,1
DA:170,1
DA:215,1
DA:203,0
DA:207,1
DA:200,1
DA:114,0
DA:116,0
DA:118,1
DA:121,1
DA:112,1
DA:520,1
DA:506,0
DA:503,1
DA:552,1
DA:538,0
DA:535,1
DA:584,1
DA:570,0
DA:567,1
DA:477,0
DA:479,0
DA:481,1
DA:484,1
DA:475,1
end_of_record
SF:/home/svekars/pytorch/torch/csrc/api/include/torch/nn/options/pooling.h
DA:266,0
DA:270,0
DA:265,1
DA:192,0
DA:196,0
DA:191,1
DA:13,0
DA:17,0
DA:20,0
DA:23,0
DA:26,0
DA:29,0
DA:34,0
DA:12,1
DA:445,0
DA:449,0
DA:452,0
DA:457,0
DA:459,0
DA:444,1
DA:509,0
DA:514,0
DA:517,0
DA:520,0
DA:523,0
DA:508,1
DA:108,0
DA:112,0
DA:115,0
DA:118,0
DA:121,0
DA:124,0
DA:107,1
DA:390,0
DA:394,0
DA:397,0
DA:400,0
DA:403,0
DA:389,1
DA:346,0
DA:350,0
DA:353,0
DA:356,0
DA:345,1
end_of_record
SF:/home/svekars/pytorch/torch/csrc/api/include/torch/nn/modules/adaptive.h
DA:107,1
DA:48,0
DA:57,0
DA:60,0
DA:62,1
DA:64,0
DA:68,1
DA:72,1
DA:75,1
DA:79,1
DA:45,1
DA:18,0
DA:17,1
end_of_record
SF:/home/svekars/pytorch/torch/csrc/api/include/torch/nn/options/adaptive.h
DA:17,0
DA:23,0
DA:26,0
DA:29,0
DA:32,0
DA:36,0
DA:16,1
end_of_record
SF:/home/svekars/pytorch/torch/csrc/api/include/torch/nn/options/dropout.h
DA:103,0
DA:105,0
DA:107,0
DA:102,1
DA:68,0
DA:70,0
DA:73,0
DA:66,1
DA:16,0
DA:19,0
DA:22,0
DA:15,1
DA:119,0
DA:121,0
DA:123,0
DA:118,1
end_of_record
SF:/home/svekars/pytorch/torch/csrc/api/include/torch/nn/modules/container/any.h
DA:102,1
DA:106,1
DA:112,1
DA:116,1
DA:120,1
DA:121,0
DA:124,1
DA:125,0
DA:129,1
DA:134,1
DA:140,1
DA:146,1
DA:151,1
DA:156,1
DA:161,1
DA:165,1
DA:169,1
DA:172,1
DA:175,1
DA:99,1
end_of_record
SF:/home/svekars/pytorch/torch/csrc/api/include/torch/nn/modules/container/any_module_holder.h
DA:73,1
DA:78,1
DA:117,1
DA:121,1
DA:125,1
DA:39,1
DA:19,1
DA:22,1
DA:25,1
DA:28,1
DA:15,1
DA:43,0
DA:41,0
DA:65,0
DA:63,0
end_of_record
SF:/home/svekars/pytorch/torch/csrc/api/include/torch/nn/modules/container/any_value.h
DA:22,1
DA:23,0
DA:24,0
DA:27,1
DA:28,0
DA:37,1
DA:46,1
DA:63,1
DA:76,1
DA:18,1
DA:112,1
DA:114,0
DA:89,0
DA:91,0
DA:92,0
DA:93,0
DA:94,0
DA:95,0
DA:96,0
end_of_record
SF:/home/svekars/pytorch/c10/util/ArrayRef.h
DA:75,1
DA:85,1
DA:94,1
DA:103,1
DA:118,1
DA:135,1
DA:150,1
DA:159,1
DA:59,1
DA:222,1
DA:228,1
DA:234,1
DA:240,1
DA:246,1
DA:252,1
DA:258,1
DA:264,1
DA:270,1
DA:277,1
DA:286,0
DA:291,0
DA:296,0
DA:301,0
DA:306,0
DA:311,0
DA:171,1
DA:175,0
DA:179,0
DA:183,0
DA:188,0
DA:192,0
DA:196,0
DA:200,0
DA:205,0
end_of_record
SF:/home/svekars/pytorch/torch/csrc/jit/api/module.h
DA:628,0
DA:633,0
DA:626,0
DA:614,0
DA:619,0
DA:612,0
DA:88,0
DA:89,0
DA:90,0
DA:91,0
DA:92,0
DA:93,0
DA:94,0
DA:95,0
DA:99,0
DA:100,0
DA:102,0
DA:108,0
DA:115,0
DA:123,0
DA:131,0
DA:140,0
DA:150,0
DA:155,0
DA:157,0
DA:158,0
DA:160,0
DA:161,0
DA:162,0
DA:163,0
DA:166,0
DA:167,0
DA:170,0
DA:171,0
DA:173,0
DA:178,0
DA:184,1
DA:187,1
DA:191,1
DA:201,1
DA:209,1
DA:217,1
DA:219,0
DA:223,0
DA:227,0
DA:233,0
DA:239,0
DA:241,0
DA:247,0
DA:254,0
DA:259,0
DA:261,0
DA:264,0
DA:268,0
DA:270,0
DA:274,0
DA:281,0
DA:297,0
DA:87,0
DA:584,0
DA:591,0
DA:578,0
DA:51,0
DA:645,0
DA:663,0
DA:66,0
DA:601,0
DA:606,0
DA:599,0
DA:407,0
DA:419,0
DA:420,0
DA:423,0
DA:426,0
DA:430,0
DA:404,0
DA:537,0
DA:540,0
DA:543,0
DA:553,0
DA:48,0
DA:389,0
DA:336,0
DA:344,0
DA:383,0
DA:385,0
DA:676,0
end_of_record
SF:/home/svekars/pytorch/torch/csrc/autograd/custom_function.h
DA:123,0
DA:124,0
DA:125,0
DA:126,0
DA:127,0
DA:128,0
DA:130,0
DA:137,1
DA:141,1
DA:145,1
DA:148,0
DA:153,1
DA:154,0
DA:155,0
DA:159,1
DA:160,0
DA:122,1
DA:279,1
DA:285,1
DA:287,0
DA:288,0
DA:290,0
DA:309,0
DA:278,0
DA:400,0
DA:402,0
DA:410,0
DA:414,0
DA:421,0
DA:395,0
DA:106,0
DA:99,1
DA:19,0
DA:30,0
DA:194,0
DA:262,0
DA:427,0
DA:435,0
DA:447,0
DA:452,0
DA:456,0
end_of_record
SF:/home/svekars/pytorch/torch/csrc/api/include/torch/data/datasets/chunk.h
DA:56,0
DA:66,1
DA:95,1
DA:157,1
DA:177,0
DA:50,1
DA:26,0
DA:32,1
DA:35,1
DA:38,1
DA:24,1
DA:326,0
DA:341,0
DA:353,1
DA:369,1
DA:375,1
DA:407,1
DA:413,0
DA:417,1
DA:422,1
DA:314,1
DA:252,0
DA:253,0
DA:281,0
DA:284,0
DA:287,0
DA:298,0
DA:251,1
DA:211,0
DA:214,0
DA:210,1
end_of_record
SF:/home/svekars/pytorch/torch/csrc/api/include/torch/data/datasets/base.h
DA:41,0
DA:44,1
DA:48,1
DA:52,1
DA:58,1
DA:34,1
DA:76,1
DA:81,1
DA:71,1
DA:24,0
DA:16,1
DA:18,0
end_of_record
SF:/home/svekars/pytorch/torch/csrc/api/include/torch/data/transforms/lambda.h
DA:20,1
DA:24,1
DA:13,1
DA:41,1
DA:44,1
DA:34,0
end_of_record
SF:/home/svekars/pytorch/torch/csrc/api/include/torch/nn/modules/batchnorm.h
DA:180,1
DA:167,1
DA:210,1
DA:197,1
DA:240,1
DA:227,1
DA:101,0
DA:133,1
DA:97,1
DA:20,0
DA:24,1
DA:52,0
DA:60,0
DA:15,1
end_of_record
SF:/home/svekars/pytorch/torch/csrc/api/include/torch/nn/options/batchnorm.h
DA:76,0
DA:78,0
DA:80,0
DA:84,0
DA:88,0
DA:75,1
DA:11,0
DA:15,0
DA:19,0
DA:23,0
DA:28,0
DA:33,0
DA:10,1
end_of_record
SF:/home/svekars/pytorch/torch/csrc/api/include/torch/data/samplers/stream.h
DA:20,0
DA:21,1
DA:22,0
DA:19,1
DA:35,1
DA:38,1
DA:44,1
DA:47,1
DA:50,1
DA:31,1
end_of_record
SF:/home/svekars/pytorch/torch/csrc/api/include/torch/data/transforms/base.h
DA:17,0
DA:20,1
DA:12,1
DA:37,1
DA:40,1
DA:30,1
end_of_record
SF:/home/svekars/pytorch/torch/csrc/api/include/torch/nn/modules/loss.h
DA:155,1
DA:137,0
DA:139,1
DA:142,1
DA:144,0
DA:136,1
DA:801,1
DA:777,0
DA:779,1
DA:782,1
DA:784,0
DA:775,1
DA:273,1
DA:252,0
DA:254,1
DA:257,1
DA:259,0
DA:250,1
DA:755,1
DA:734,0
DA:736,1
DA:739,1
DA:741,0
DA:733,1
DA:599,1
DA:577,0
DA:579,1
DA:582,1
DA:584,0
DA:576,1
DA:192,1
DA:174,0
DA:176,1
DA:179,1
DA:181,0
DA:173,1
DA:347,1
DA:329,0
DA:331,1
DA:334,1
DA:336,0
DA:328,1
DA:85,1
DA:67,0
DA:69,1
DA:72,1
DA:74,0
DA:66,1
DA:50,1
DA:32,0
DA:34,1
DA:37,1
DA:39,0
DA:31,1
DA:677,1
DA:656,0
DA:658,1
DA:661,1
DA:663,0
DA:654,1
DA:120,1
DA:102,0
DA:104,1
DA:107,1
DA:109,0
DA:101,1
DA:386,1
DA:368,0
DA:370,1
DA:373,1
DA:375,0
DA:366,1
DA:464,1
DA:444,0
DA:449,1
DA:451,1
DA:453,0
DA:442,1
DA:230,1
DA:212,0
DA:214,1
DA:217,1
DA:219,0
DA:211,1
DA:715,1
DA:694,0
DA:697,1
DA:699,1
DA:701,0
DA:693,1
DA:635,1
DA:617,0
DA:619,1
DA:622,1
DA:624,0
DA:616,1
DA:311,1
DA:293,0
DA:295,1
DA:298,1
DA:300,0
DA:292,1
DA:423,1
DA:405,0
DA:408,1
DA:410,1
DA:412,0
DA:404,1
DA:509,1
DA:488,0
DA:490,1
DA:493,1
DA:495,0
DA:486,1
DA:560,1
DA:535,0
DA:538,1
DA:542,1
DA:544,0
DA:533,1
end_of_record
SF:/home/svekars/pytorch/torch/csrc/api/include/torch/nn/options/loss.h
DA:134,0
DA:137,0
DA:129,1
DA:777,0
DA:779,0
DA:782,0
DA:772,1
DA:250,0
DA:252,0
DA:243,1
DA:738,0
DA:741,0
DA:743,0
DA:745,0
DA:732,1
DA:499,0
DA:501,0
DA:505,0
DA:494,1
DA:170,0
DA:172,0
DA:164,1
DA:584,0
DA:590,0
DA:593,0
DA:575,1
DA:63,0
DA:49,1
DA:20,0
DA:23,0
DA:16,1
DA:665,0
DA:667,0
DA:660,1
DA:100,0
DA:104,0
DA:96,1
DA:287,0
DA:293,0
DA:278,1
DA:368,0
DA:374,0
DA:361,1
DA:204,0
DA:206,0
DA:210,0
DA:217,0
DA:198,1
DA:700,0
DA:703,0
DA:705,0
DA:693,1
DA:625,0
DA:628,0
DA:631,0
DA:633,0
DA:619,1
DA:540,0
DA:546,0
DA:550,0
DA:531,1
DA:328,0
DA:334,0
DA:319,1
DA:407,0
DA:409,0
DA:410,0
DA:414,0
DA:416,0
DA:401,1
DA:452,0
DA:458,0
DA:464,0
DA:466,0
DA:443,1
DA:1,0
DA:67,0
DA:70,0
DA:81,0
end_of_record
SF:/home/svekars/pytorch/torch/csrc/api/include/torch/nn/modules/linear.h
DA:212,1
DA:179,0
DA:182,0
DA:184,1
DA:186,0
DA:189,1
DA:194,1
DA:177,1
DA:119,1
DA:100,0
DA:102,1
DA:105,1
DA:108,1
DA:98,1
DA:35,1
DA:23,1
DA:26,1
DA:28,0
DA:21,1
DA:83,1
DA:52,0
DA:54,0
DA:56,1
DA:58,0
DA:61,1
DA:65,1
DA:50,1
DA:162,1
DA:138,0
DA:140,0
DA:143,0
DA:145,1
DA:148,1
DA:151,1
DA:136,1
end_of_record
SF:/home/svekars/pytorch/torch/csrc/api/include/torch/nn/options/linear.h
DA:79,0
DA:84,0
DA:86,0
DA:88,0
DA:90,0
DA:78,1
DA:37,0
DA:39,0
DA:35,1
DA:16,0
DA:18,0
DA:21,0
DA:24,0
DA:15,1
DA:56,0
DA:57,0
DA:58,0
DA:61,0
DA:63,0
DA:65,0
DA:67,0
DA:53,1
end_of_record
SF:/home/svekars/pytorch/torch/csrc/stable/library.h
DA:290,0
DA:286,0
DA:182,0
DA:233,0
DA:228,0
DA:263,0
DA:258,0
DA:51,0
DA:52,0
DA:55,0
DA:56,0
DA:58,0
DA:84,0
DA:96,0
DA:19,0
DA:108,0
DA:102,0
DA:125,0
DA:130,0
DA:151,0
DA:158,0
DA:164,0
DA:172,0
end_of_record
SF:/home/svekars/pytorch/aten/src/ATen/core/ivalue.h
DA:148,0
DA:146,0
DA:1154,0
DA:1153,0
DA:1171,0
DA:1170,0
DA:75,0
DA:78,0
DA:72,0
DA:24,0
DA:34,0
DA:1123,0
DA:1143,0
DA:1122,0
DA:1165,0
DA:1164,0
DA:38,0
DA:226,0
DA:233,0
DA:242,0
DA:252,0
DA:257,0
DA:278,1
DA:294,1
DA:307,1
DA:429,0
DA:432,0
DA:441,0
DA:442,0
DA:443,0
DA:444,0
DA:449,0
DA:453,0
DA:456,0
DA:457,0
DA:459,0
DA:462,0
DA:488,0
DA:491,0
DA:492,0
DA:498,0
DA:499,0
DA:501,0
DA:503,0
DA:506,0
DA:515,0
DA:523,0
DA:524,0
DA:527,0
DA:528,0
DA:529,0
DA:532,0
DA:535,0
DA:538,0
DA:550,0
DA:551,0
DA:554,0
DA:557,0
DA:558,0
DA:561,0
DA:562,0
DA:564,0
DA:565,0
DA:568,0
DA:569,0
DA:572,0
DA:573,0
DA:576,0
DA:577,0
DA:580,0
DA:581,0
DA:584,0
DA:585,0
DA:588,0
DA:592,0
DA:602,0
DA:606,0
DA:607,0
DA:609,0
DA:619,0
DA:623,0
DA:624,0
DA:626,0
DA:643,0
DA:647,0
DA:648,0
DA:651,0
DA:653,0
DA:657,0
DA:668,0
DA:677,0
DA:681,0
DA:691,0
DA:701,0
DA:704,0
DA:715,0
DA:716,0
DA:717,0
DA:718,0
DA:719,0
DA:720,0
DA:721,0
DA:722,0
DA:723,0
DA:726,0
DA:727,0
DA:728,0
DA:729,0
DA:730,0
DA:733,0
DA:734,0
DA:735,0
DA:736,0
DA:738,0
DA:741,0
DA:742,0
DA:743,0
DA:744,0
DA:747,0
DA:748,0
DA:749,0
DA:750,0
DA:753,0
DA:754,0
DA:755,0
DA:758,0
DA:759,0
DA:760,0
DA:761,0
DA:764,0
DA:765,0
DA:766,0
DA:767,0
DA:770,0
DA:771,0
DA:774,0
DA:775,0
DA:776,0
DA:798,0
DA:800,0
DA:802,0
DA:804,0
DA:806,0
DA:808,0
DA:818,0
DA:820,0
DA:822,0
DA:824,0
DA:834,0
DA:837,0
DA:838,0
DA:841,0
DA:842,0
DA:845,0
DA:853,0
DA:856,0
DA:858,0
DA:859,0
DA:862,0
DA:863,0
DA:866,0
DA:867,0
DA:868,0
DA:870,0
DA:871,0
DA:874,0
DA:875,0
DA:878,0
DA:879,0
DA:880,0
DA:883,0
DA:884,0
DA:887,0
DA:888,0
DA:891,0
DA:892,0
DA:895,0
DA:907,0
DA:941,0
DA:946,0
DA:967,0
DA:971,0
DA:974,0
DA:980,0
DA:984,0
DA:985,0
DA:986,0
DA:991,0
DA:993,0
DA:998,0
DA:999,0
DA:1004,0
DA:1006,0
DA:1011,0
DA:1015,0
DA:1020,0
DA:1022,0
DA:1027,0
DA:1031,0
DA:1034,0
DA:1035,0
DA:1038,0
DA:1060,0
DA:1062,0
DA:1068,0
DA:1070,0
DA:1086,0
DA:1098,0
DA:1119,0
DA:1183,0
DA:1186,0
DA:1191,0
DA:1192,0
DA:1193,0
DA:1342,0
DA:1371,0
DA:1414,0
DA:312,0
DA:486,0
DA:900,0
DA:225,1
DA:36,0
DA:101,0
DA:102,0
DA:105,0
DA:115,0
DA:131,0
DA:98,0
DA:1405,0
DA:1406,0
DA:1407,0
DA:1408,0
DA:1409,0
DA:1411,0
DA:85,0
DA:86,0
DA:83,0
DA:1558,0
DA:1557,0
DA:1423,0
DA:1388,0
DA:1433,0
DA:1435,0
DA:1444,0
DA:1458,0
DA:1461,0
DA:1467,0
DA:1471,0
DA:1475,0
DA:1481,0
DA:1486,0
DA:1520,0
DA:1532,0
DA:1543,0
DA:1432,0
DA:1578,0
DA:1582,0
DA:1586,0
DA:1591,0
DA:1596,0
DA:1600,0
DA:1577,0
DA:1611,0
DA:1614,0
DA:1617,0
DA:1619,0
DA:1624,0
DA:1628,0
DA:1610,0
DA:1570,0
DA:1569,0
DA:47,1
DA:49,0
DA:56,0
DA:57,0
end_of_record
SF:/home/svekars/pytorch/torch/csrc/api/include/torch/nn/modules/activation.h
DA:513,1
DA:495,0
DA:497,0
DA:499,1
DA:502,1
DA:493,1
DA:46,1
DA:28,0
DA:30,0
DA:32,1
DA:35,1
DA:26,1
DA:574,1
DA:557,0
DA:559,0
DA:561,1
DA:564,1
DA:555,1
DA:548,1
DA:530,0
DA:532,0
DA:534,1
DA:537,1
DA:528,1
DA:116,1
DA:98,0
DA:100,0
DA:102,1
DA:105,1
DA:96,1
DA:152,1
DA:134,0
DA:136,0
DA:138,1
DA:141,1
DA:132,1
DA:187,1
DA:169,0
DA:171,0
DA:173,1
DA:176,1
DA:167,1
DA:208,1
DA:196,0
DA:198,1
DA:201,1
DA:194,1
DA:314,1
DA:295,0
DA:297,0
DA:299,0
DA:301,1
DA:304,1
DA:293,1
DA:616,1
DA:604,0
DA:606,1
DA:609,1
DA:602,1
DA:871,1
DA:825,0
DA:828,0
DA:830,0
DA:847,1
DA:849,0
DA:822,1
DA:373,1
DA:352,0
DA:354,0
DA:356,1
DA:359,1
DA:350,1
DA:408,1
DA:443,1
DA:425,0
DA:427,0
DA:429,1
DA:432,1
DA:423,1
DA:390,0
DA:392,0
DA:394,1
DA:397,1
DA:388,1
DA:478,1
DA:460,0
DA:462,0
DA:464,1
DA:467,1
DA:458,1
DA:81,1
DA:63,0
DA:65,0
DA:67,1
DA:70,1
DA:61,1
DA:637,1
DA:625,0
DA:627,1
DA:630,1
DA:623,1
DA:595,1
DA:583,0
DA:585,1
DA:588,1
DA:581,1
DA:243,1
DA:335,1
DA:323,0
DA:325,1
DA:328,1
DA:321,1
DA:225,0
DA:226,0
DA:228,0
DA:230,1
DA:233,1
DA:223,1
DA:278,1
DA:260,0
DA:261,0
DA:263,0
DA:265,1
DA:268,1
DA:258,1
DA:672,1
DA:654,0
DA:656,0
DA:658,1
DA:661,1
DA:652,1
DA:707,1
DA:689,0
DA:691,0
DA:693,1
DA:696,1
DA:687,1
DA:728,1
DA:716,0
DA:718,1
DA:721,1
DA:714,1
DA:749,1
DA:737,0
DA:739,1
DA:742,1
DA:735,1
DA:770,1
DA:758,0
DA:760,1
DA:763,1
DA:756,1
DA:807,1
DA:787,0
DA:789,0
DA:791,0
DA:793,1
DA:796,1
DA:785,1
end_of_record
SF:/home/svekars/pytorch/torch/csrc/api/include/torch/nn/options/activation.h
DA:472,0
DA:475,0
DA:470,1
DA:18,0
DA:21,0
DA:16,1
DA:106,0
DA:104,1
DA:76,0
DA:79,0
DA:75,1
DA:600,0
DA:605,0
DA:608,0
DA:598,1
DA:132,0
DA:135,0
DA:131,1
DA:163,0
DA:166,0
DA:169,0
DA:161,1
DA:197,0
DA:200,0
DA:195,1
DA:327,0
DA:330,0
DA:336,0
DA:326,1
DA:309,0
DA:312,0
DA:308,1
DA:655,0
DA:667,0
DA:669,0
DA:671,0
DA:673,0
DA:675,0
DA:677,0
DA:679,0
DA:681,0
DA:683,0
DA:685,0
DA:687,0
DA:689,0
DA:691,0
DA:693,0
DA:695,0
DA:697,0
DA:699,0
DA:701,0
DA:703,0
DA:705,0
DA:707,0
DA:654,1
DA:622,0
DA:625,0
DA:628,0
DA:631,0
DA:634,0
DA:637,0
DA:640,0
DA:643,0
DA:646,0
DA:621,1
DA:353,0
DA:356,0
DA:349,1
DA:397,0
DA:400,0
DA:396,1
DA:368,0
DA:371,0
DA:367,1
DA:449,0
DA:452,0
DA:454,0
DA:457,0
DA:447,1
DA:427,0
DA:430,0
DA:433,0
DA:425,1
DA:47,0
DA:50,0
DA:46,1
DA:245,0
DA:248,0
DA:254,0
DA:244,1
DA:227,0
DA:230,0
DA:226,1
DA:286,0
DA:289,0
DA:295,0
DA:285,1
DA:268,0
DA:271,0
DA:267,1
DA:502,0
DA:505,0
DA:500,1
DA:531,0
DA:534,0
DA:530,1
DA:560,0
DA:564,0
DA:567,0
DA:570,0
DA:559,1
end_of_record
SF:/home/svekars/pytorch/torch/custom_class.h
DA:75,1
DA:91,1
DA:113,0
DA:154,1
DA:170,1
DA:195,1
DA:217,1
DA:233,1
DA:249,1
DA:260,1
DA:308,1
DA:30,0
DA:477,0
DA:496,0
DA:25,1
DA:35,0
DA:439,1
DA:450,0
DA:458,0
DA:493,0
end_of_record
SF:/home/svekars/pytorch/torch/library.h
DA:96,1
DA:486,0
DA:489,0
DA:484,0
DA:114,1
DA:128,1
DA:143,1
DA:207,0
DA:209,0
DA:210,0
DA:212,0
DA:214,0
DA:299,0
DA:229,1
DA:248,1
DA:256,0
DA:269,1
DA:282,1
DA:295,1
DA:107,1
DA:567,0
DA:568,0
DA:569,0
DA:570,0
DA:571,0
DA:610,1
DA:617,0
DA:632,1
DA:638,1
DA:664,1
DA:693,1
DA:727,0
DA:741,0
DA:751,0
DA:754,0
DA:758,0
DA:762,0
DA:769,0
DA:773,0
DA:782,0
DA:792,0
DA:796,0
DA:806,0
DA:841,1
DA:847,0
DA:854,0
DA:857,0
DA:860,0
DA:545,1
DA:503,0
DA:504,0
DA:501,0
DA:942,0
DA:936,0
DA:439,0
DA:443,0
DA:448,0
DA:340,1
DA:354,1
DA:414,1
DA:423,1
end_of_record
SF:/home/svekars/pytorch/torch/csrc/api/include/torch/nn/cloneable.h
DA:29,1
DA:34,1
DA:25,0
DA:23,1
end_of_record
SF:/home/svekars/pytorch/torch/csrc/api/include/torch/nn/modules/padding.h
DA:322,1
DA:311,1
DA:348,1
DA:337,1
DA:374,1
DA:363,1
DA:283,0
DA:285,0
DA:287,1
DA:289,0
DA:292,1
DA:281,1
DA:55,1
DA:44,1
DA:82,1
DA:71,1
DA:110,1
DA:99,1
DA:15,0
DA:17,0
DA:19,1
DA:21,0
DA:24,1
DA:13,1
DA:158,1
DA:147,1
DA:185,1
DA:174,1
DA:212,1
DA:201,1
DA:118,0
DA:120,0
DA:122,1
DA:124,0
DA:127,1
DA:116,1
DA:247,1
DA:237,0
DA:261,1
DA:251,0
DA:275,1
DA:265,0
DA:220,0
DA:222,0
DA:224,1
DA:226,0
DA:229,1
DA:218,1
end_of_record
SF:/home/svekars/pytorch/torch/csrc/api/include/torch/nn/options/padding.h
DA:141,0
DA:153,0
DA:156,0
DA:140,1
DA:203,0
DA:206,0
DA:209,0
DA:212,0
DA:195,1
DA:14,0
DA:24,0
DA:13,1
DA:56,0
DA:67,0
DA:55,1
DA:98,0
DA:109,0
DA:97,0
end_of_record
SF:/home/svekars/pytorch/torch/csrc/api/include/torch/nn/modules/conv.h
DA:196,1
DA:181,0
DA:187,0
DA:188,0
DA:179,1
DA:231,1
DA:213,0
DA:219,0
DA:220,0
DA:211,1
DA:263,1
DA:248,0
DA:254,0
DA:255,0
DA:246,1
DA:26,0
DA:31,1
DA:102,0
DA:115,1
DA:24,1
DA:362,1
DA:340,0
DA:348,0
DA:349,0
DA:337,1
DA:404,1
DA:382,0
DA:390,0
DA:391,0
DA:379,1
DA:446,1
DA:424,0
DA:432,0
DA:433,0
DA:421,1
DA:272,0
DA:280,1
DA:269,1
end_of_record
SF:/home/svekars/pytorch/torch/csrc/api/include/torch/nn/options/conv.h
DA:199,0
DA:204,0
DA:209,0
DA:212,0
DA:219,0
DA:223,0
DA:195,1
DA:28,0
DA:38,0
DA:42,0
DA:48,0
DA:54,0
DA:60,0
DA:63,0
DA:71,0
DA:76,0
DA:82,0
DA:86,0
DA:90,0
DA:94,0
DA:26,1
DA:107,0
DA:117,0
DA:121,0
DA:127,0
DA:133,0
DA:139,0
DA:142,0
DA:150,0
DA:154,0
DA:158,0
DA:162,0
DA:103,1
DA:355,0
DA:360,0
DA:365,0
DA:369,0
DA:373,0
DA:378,0
DA:353,1
DA:261,0
DA:271,0
DA:275,0
DA:281,0
DA:287,0
DA:293,0
DA:299,0
DA:303,0
DA:307,0
DA:313,0
DA:317,0
DA:258,0
end_of_record
SF:/home/svekars/pytorch/torch/csrc/api/include/torch/nn/modules/distance.h
DA:45,1
DA:27,0
DA:29,1
DA:32,1
DA:34,0
DA:25,1
DA:82,1
DA:64,0
DA:66,1
DA:69,1
DA:71,0
DA:62,1
end_of_record
SF:/home/svekars/pytorch/torch/csrc/api/include/torch/nn/options/distance.h
DA:17,0
DA:19,0
DA:15,1
DA:48,0
DA:50,0
DA:52,0
DA:46,1
end_of_record
SF:/home/svekars/pytorch/torch/csrc/api/include/torch/nn/modules/normalization.h
DA:149,1
DA:129,0
DA:131,0
DA:134,1
DA:137,1
DA:139,0
DA:126,1
DA:195,1
DA:167,0
DA:169,0
DA:171,1
DA:173,0
DA:176,1
DA:178,0
DA:165,1
DA:73,1
DA:33,0
DA:35,0
DA:37,1
DA:39,0
DA:42,1
DA:52,1
DA:31,1
DA:115,1
DA:95,0
DA:97,0
DA:99,0
DA:101,1
DA:104,1
DA:92,1
end_of_record
SF:/home/svekars/pytorch/torch/csrc/api/include/torch/nn/modules/_functions.h
DA:12,0
DA:17,0
DA:10,0
end_of_record
SF:/home/svekars/pytorch/torch/csrc/api/include/torch/nn/options/normalization.h
DA:104,0
DA:106,0
DA:108,0
DA:110,0
DA:112,0
DA:103,1
DA:175,0
DA:178,0
DA:180,0
DA:182,0
DA:185,0
DA:174,1
DA:149,0
DA:152,0
DA:154,0
DA:156,0
DA:160,0
DA:148,1
DA:42,0
DA:44,0
DA:46,0
DA:48,0
DA:52,0
DA:41,1
DA:18,0
DA:20,0
DA:17,1
DA:67,0
DA:69,0
DA:72,0
DA:75,0
DA:78,0
DA:66,1
DA:128,0
DA:130,0
DA:132,0
DA:135,0
DA:126,1
DA:1,0
DA:23,0
DA:27,0
DA:24,0
DA:26,0
end_of_record
SF:/home/svekars/pytorch/c10/cuda/CUDAGuard.h
DA:21,1
DA:24,1
DA:28,1
DA:31,0
DA:32,0
DA:35,0
DA:36,0
DA:37,0
DA:41,1
DA:48,1
DA:53,1
DA:58,1
DA:64,1
DA:19,1
DA:279,0
DA:283,1
DA:284,0
DA:287,0
DA:290,0
DA:291,0
DA:278,1
DA:146,1
DA:151,1
DA:152,0
DA:155,1
DA:156,0
DA:160,1
DA:161,0
DA:175,1
DA:181,1
DA:187,1
DA:193,1
DA:199,1
DA:144,1
DA:77,1
DA:80,1
DA:85,1
DA:89,0
DA:90,0
DA:93,0
DA:96,0
DA:97,0
DA:102,1
DA:109,1
DA:115,1
DA:121,1
DA:128,1
DA:134,1
DA:75,1
DA:211,1
DA:216,1
DA:221,1
DA:225,1
DA:226,0
DA:229,0
DA:232,0
DA:233,0
DA:240,1
DA:246,1
DA:258,1
DA:269,1
DA:209,1
end_of_record
SF:/home/svekars/pytorch/c10/cuda/CUDAStream.h
DA:66,1
DA:73,1
DA:75,0
DA:79,0
DA:84,1
DA:90,1
DA:95,1
DA:100,1
DA:106,1
DA:111,1
DA:115,0
DA:117,0
DA:119,0
DA:127,1
DA:130,1
DA:143,1
DA:148,0
DA:155,0
DA:60,0
DA:196,1
DA:199,0
DA:209,1
DA:217,1
DA:226,1
DA:238,1
DA:240,0
end_of_record
SF:/home/svekars/pytorch/torch/csrc/api/include/torch/data/samplers/custom_batch_request.h
DA:9,0
DA:10,0
DA:11,0
DA:12,0
DA:15,1
DA:8,1
end_of_record
SF:/home/svekars/pytorch/torch/csrc/api/include/torch/data/dataloader/base.h
DA:33,1
DA:40,0
DA:41,0
DA:42,0
DA:43,0
DA:45,0
DA:60,1
DA:72,1
DA:79,1
DA:97,1
DA:25,0
DA:114,0
DA:115,0
DA:116,0
DA:124,0
DA:125,0
DA:127,0
DA:104,0
DA:105,0
end_of_record
SF:/home/svekars/pytorch/torch/csrc/api/include/torch/data/dataloader_options.h
DA:13,0
DA:14,0
DA:18,0
DA:22,0
DA:26,0
DA:29,0
DA:34,0
DA:38,0
DA:12,1
DA:48,0
DA:47,1
end_of_record
SF:/home/svekars/pytorch/torch/csrc/api/include/torch/data/detail/data_shuttle.h
DA:27,1
DA:33,1
DA:39,1
DA:45,1
DA:57,1
DA:69,1
DA:24,1
end_of_record
SF:/home/svekars/pytorch/c10/core/Device.h
DA:36,1
DA:46,1
DA:50,1
DA:56,1
DA:61,1
DA:66,1
DA:71,1
DA:76,1
DA:81,1
DA:86,1
DA:91,1
DA:96,1
DA:101,1
DA:106,1
DA:111,1
DA:116,1
DA:121,1
DA:126,1
DA:131,1
DA:136,1
DA:141,1
DA:146,1
DA:151,1
DA:156,1
DA:161,1
DA:167,1
DA:31,1
DA:188,0
end_of_record
SF:/home/svekars/pytorch/torch/csrc/stable/device_struct.h
DA:62,1
DA:79,1
DA:106,1
DA:118,1
DA:129,1
DA:140,1
DA:151,1
DA:162,1
DA:173,1
DA:184,1
DA:37,1
end_of_record
SF:/home/svekars/pytorch/c10/core/DeviceGuard.h
DA:26,1
DA:29,1
DA:32,1
DA:37,0
DA:40,1
DA:41,0
DA:45,1
DA:46,0
DA:55,1
DA:60,1
DA:68,1
DA:73,1
DA:79,1
DA:23,1
DA:133,1
DA:136,1
DA:140,1
DA:143,1
DA:148,0
DA:150,1
DA:151,0
DA:157,1
DA:158,0
DA:162,1
DA:167,1
DA:174,1
DA:180,1
DA:130,1
end_of_record
SF:/home/svekars/pytorch/torch/csrc/stable/accelerator.h
DA:52,1
DA:66,1
DA:40,1
DA:77,0
DA:81,0
DA:86,0
DA:75,0
DA:96,0
DA:111,1
end_of_record
SF:/home/svekars/pytorch/aten/src/ATen/mkl/Descriptors.h
DA:19,0
DA:31,0
DA:17,0
DA:10,0
DA:9,0
end_of_record
SF:/home/svekars/pytorch/torch/csrc/api/include/torch/data/samplers/distributed.h
DA:70,0
DA:77,1
DA:80,1
DA:83,1
DA:86,1
DA:89,1
DA:68,1
DA:24,0
DA:37,1
DA:41,0
DA:22,1
DA:103,0
DA:110,1
DA:113,1
DA:116,1
DA:119,1
DA:122,1
DA:101,1
end_of_record
SF:/home/svekars/pytorch/torch/csrc/api/include/torch/nn/modules/embedding.h
DA:65,1
DA:59,1
DA:142,1
DA:136,1
DA:106,0
DA:108,0
DA:110,1
DA:112,0
DA:115,1
DA:122,0
DA:103,1
DA:31,0
DA:33,0
DA:35,1
DA:37,0
DA:40,1
DA:44,1
DA:29,1
end_of_record
SF:/home/svekars/pytorch/torch/csrc/api/include/torch/nn/options/embedding.h
DA:160,0
DA:163,0
DA:165,0
DA:169,0
DA:174,0
DA:177,0
DA:181,0
DA:186,0
DA:156,1
DA:204,0
DA:207,0
DA:209,0
DA:213,0
DA:218,0
DA:221,0
DA:226,0
DA:230,0
DA:235,0
DA:201,1
DA:114,0
DA:117,0
DA:119,0
DA:122,0
DA:124,0
DA:128,0
DA:133,0
DA:136,0
DA:139,0
DA:142,0
DA:150,0
DA:113,1
DA:53,0
DA:57,0
DA:60,0
DA:62,0
DA:65,0
DA:67,0
DA:49,1
DA:86,0
DA:89,0
DA:91,0
DA:94,0
DA:96,0
DA:82,1
DA:18,0
DA:21,0
DA:23,0
DA:30,0
DA:33,0
DA:35,0
DA:38,0
DA:40,0
DA:43,0
DA:17,1
end_of_record
SF:/home/svekars/pytorch/torch/csrc/api/include/torch/data/example.h
DA:15,0
DA:16,0
DA:11,1
DA:36,0
DA:37,0
DA:42,0
DA:45,0
DA:32,1
end_of_record
SF:/home/svekars/pytorch/torch/csrc/api/include/torch/expanding_array.h
DA:29,1
DA:35,1
DA:41,1
DA:52,1
DA:57,1
DA:61,1
DA:66,1
DA:71,1
DA:76,1
DA:81,1
DA:86,1
DA:24,1
DA:120,1
DA:126,1
DA:132,1
DA:147,1
DA:156,1
DA:112,1
DA:97,0
DA:165,0
end_of_record
SF:/home/svekars/pytorch/torch/csrc/api/include/torch/nn/modules/fold.h
DA:46,1
DA:26,0
DA:28,0
DA:30,1
DA:33,1
DA:35,0
DA:24,1
DA:83,1
DA:63,0
DA:65,0
DA:67,1
DA:70,1
DA:72,0
DA:61,1
end_of_record
SF:/home/svekars/pytorch/torch/csrc/api/include/torch/nn/options/fold.h
DA:18,0
DA:24,0
DA:27,0
DA:31,0
DA:35,0
DA:38,0
DA:17,1
DA:64,0
DA:67,0
DA:71,0
DA:75,0
DA:78,0
DA:63,1
end_of_record
SF:/home/svekars/pytorch/torch/csrc/api/include/torch/nn/modules/container/functional.h
DA:99,1
DA:60,1
DA:66,0
DA:78,1
DA:81,1
DA:84,1
DA:87,1
DA:89,1
DA:55,1
end_of_record
SF:/home/svekars/pytorch/torch/csrc/api/include/torch/nn/options/vision.h
DA:27,0
DA:29,0
DA:31,0
DA:18,1
end_of_record
SF:/home/svekars/pytorch/torch/csrc/api/include/torch/nn/modules/rnn.h
DA:251,1
DA:397,1
DA:379,0
DA:381,0
DA:383,0
DA:377,1
DA:220,0
DA:222,0
DA:224,0
DA:231,0
DA:218,1
DA:202,1
DA:361,1
DA:340,0
DA:342,0
DA:344,0
DA:338,1
DA:155,0
DA:157,0
DA:159,0
DA:169,0
DA:153,1
DA:137,1
DA:322,1
DA:301,0
DA:303,0
DA:305,0
DA:299,1
DA:261,0
DA:264,1
DA:266,0
DA:269,1
DA:259,1
DA:106,0
DA:108,0
DA:110,0
DA:117,0
DA:104,1
DA:26,0
DA:29,1
DA:31,0
DA:35,1
DA:37,1
DA:38,1
DA:41,1
DA:51,1
DA:53,0
DA:24,1
end_of_record
SF:/home/svekars/pytorch/torch/csrc/api/include/torch/nn/options/rnn.h
DA:223,0
DA:226,0
DA:228,0
DA:231,0
DA:222,1
DA:132,0
DA:135,0
DA:137,0
DA:142,0
DA:145,0
DA:148,0
DA:152,0
DA:154,0
DA:131,1
DA:205,0
DA:208,0
DA:210,0
DA:213,0
DA:204,1
DA:97,0
DA:100,0
DA:102,0
DA:107,0
DA:110,0
DA:113,0
DA:117,0
DA:119,0
DA:121,0
DA:96,1
DA:184,0
DA:187,0
DA:189,0
DA:192,0
DA:195,0
DA:181,1
DA:161,0
DA:166,0
DA:167,0
DA:168,0
DA:169,0
DA:160,1
DA:61,0
DA:64,0
DA:66,0
DA:58,1
DA:21,0
DA:26,0
DA:28,0
DA:30,0
DA:32,0
DA:34,0
DA:38,0
DA:41,0
DA:43,0
DA:46,0
DA:13,1
DA:1,0
DA:71,0
DA:74,0
DA:77,0
DA:80,0
DA:84,0
DA:86,0
DA:79,0
end_of_record
SF:/home/svekars/pytorch/torch/csrc/api/include/torch/imethod.h
DA:25,0
DA:26,0
DA:27,0
DA:28,0
DA:29,0
DA:30,0
DA:32,0
DA:36,0
DA:42,0
DA:7,0
end_of_record
SF:/home/svekars/pytorch/torch/csrc/api/include/torch/serialize/input-archive.h
DA:33,1
DA:36,0
DA:37,0
DA:40,0
DA:41,0
DA:43,0
DA:46,1
DA:50,1
DA:56,1
DA:61,1
DA:66,1
DA:71,1
DA:76,1
DA:83,1
DA:88,0
DA:94,0
DA:101,0
DA:107,1
DA:30,1
end_of_record
SF:/home/svekars/pytorch/torch/csrc/api/include/torch/nn/modules/instancenorm.h
DA:89,1
DA:75,1
DA:120,1
DA:106,1
DA:151,1
DA:137,1
DA:34,0
DA:49,1
DA:12,1
end_of_record
SF:/home/svekars/pytorch/torch/csrc/api/include/torch/nn/options/instancenorm.h
DA:70,0
DA:72,0
DA:74,0
DA:76,0
DA:78,0
DA:80,0
DA:82,0
DA:69,1
DA:12,0
DA:15,0
DA:18,0
DA:21,0
DA:25,0
DA:29,0
DA:11,1
end_of_record
SF:/home/svekars/pytorch/torch/csrc/api/include/torch/nn/options/upsampling.h
DA:67,0
DA:70,0
DA:74,0
DA:85,0
DA:97,0
DA:103,0
DA:55,1
DA:22,0
DA:25,0
DA:36,0
DA:42,0
DA:20,1
end_of_record
SF:/home/svekars/pytorch/torch/csrc/api/include/torch/ordered_dict.h
DA:197,1
DA:200,1
DA:205,1
DA:210,1
DA:215,1
DA:220,1
DA:225,1
DA:230,1
DA:235,1
DA:194,0
DA:27,1
DA:30,1
DA:33,1
DA:39,0
DA:40,0
DA:42,0
DA:46,1
DA:49,1
DA:55,1
DA:59,1
DA:63,1
DA:67,1
DA:71,1
DA:75,1
DA:80,1
DA:85,1
DA:91,1
DA:95,1
DA:98,1
DA:104,1
DA:108,1
DA:111,1
DA:114,1
DA:119,1
DA:122,1
DA:126,1
DA:134,1
DA:139,1
DA:143,1
DA:147,1
DA:151,1
DA:154,1
DA:159,1
DA:163,1
DA:167,1
DA:171,1
DA:13,1
DA:499,0
end_of_record
SF:/home/svekars/pytorch/torch/csrc/api/include/torch/data/iterator.h
DA:142,0
DA:147,1
DA:154,1
DA:160,1
DA:165,1
DA:170,1
DA:133,0
DA:33,0
DA:34,0
DA:35,0
DA:36,0
DA:37,0
DA:38,0
DA:32,1
DA:102,0
DA:108,0
DA:115,1
DA:121,1
DA:126,1
DA:28,0
DA:45,0
DA:49,1
DA:61,1
DA:71,1
DA:77,1
DA:83,1
DA:88,1
DA:25,0
end_of_record
SF:/home/svekars/pytorch/torch/csrc/api/include/torch/optim/lbfgs.h
DA:60,0
DA:75,0
DA:78,1
DA:79,1
DA:80,1
DA:58,0
DA:17,0
DA:18,0
DA:19,0
DA:20,0
DA:21,0
DA:22,0
DA:23,0
DA:24,0
DA:27,0
DA:28,0
DA:32,0
DA:33,0
DA:16,0
DA:38,0
DA:39,0
DA:40,0
DA:41,0
DA:42,0
DA:43,0
DA:44,0
DA:45,0
DA:46,0
DA:47,0
DA:48,0
DA:51,0
DA:52,0
DA:36,0
end_of_record
SF:/home/svekars/pytorch/torch/csrc/api/include/torch/optim/schedulers/lr_scheduler.h
DA:14,0
DA:16,0
DA:18,0
DA:9,0
end_of_record
SF:/home/svekars/pytorch/torch/csrc/autograd/function.h
DA:724,0
DA:731,0
DA:734,0
DA:721,0
DA:116,1
DA:137,0
DA:143,1
DA:144,0
DA:145,0
DA:146,0
DA:147,0
DA:149,0
DA:154,1
DA:199,1
DA:212,0
DA:219,1
DA:225,0
DA:229,0
DA:234,0
DA:247,1
DA:261,0
DA:277,0
DA:283,0
DA:298,0
DA:303,0
DA:308,0
DA:315,0
DA:319,0
DA:323,0
DA:327,0
DA:352,1
DA:356,0
DA:393,0
DA:399,0
DA:402,1
DA:407,1
DA:423,1
DA:429,1
DA:441,1
DA:459,1
DA:472,1
DA:477,1
DA:483,1
DA:488,0
DA:495,0
DA:501,0
DA:511,0
DA:515,0
DA:519,0
DA:523,0
DA:529,0
DA:535,0
DA:540,0
DA:545,0
DA:549,0
DA:556,0
DA:564,1
DA:569,1
DA:574,1
DA:587,1
DA:597,0
DA:605,0
DA:614,0
DA:113,0
DA:51,0
DA:52,0
DA:49,0
DA:710,1
DA:709,0
DA:708,1
DA:780,0
DA:782,0
DA:785,0
DA:779,0
DA:195,0
DA:46,0
DA:61,0
DA:755,1
DA:764,1
DA:773,1
end_of_record
SF:/home/svekars/pytorch/torch/csrc/api/include/torch/data/datasets/map.h
DA:34,0
DA:39,1
DA:45,1
DA:53,1
DA:58,1
DA:63,1
DA:100,1
end_of_record
SF:/home/svekars/pytorch/torch/csrc/api/include/torch/data/datasets/mnist.h
DA:23,1
DA:26,1
DA:29,1
DA:33,1
DA:36,1
DA:39,1
DA:14,1
end_of_record
SF:/home/svekars/pytorch/torch/csrc/api/include/torch/nativert/ModelRunnerHandle.h
DA:20,0
DA:24,0
DA:25,0
DA:26,0
DA:27,0
DA:28,0
DA:30,0
DA:39,1
DA:18,0
end_of_record
SF:/home/svekars/pytorch/torch/csrc/api/include/torch/nn/module.h
DA:77,1
DA:82,1
DA:83,0
DA:84,0
DA:85,0
DA:86,0
DA:88,0
DA:99,1
DA:117,1
DA:132,1
DA:146,1
DA:163,1
DA:182,1
DA:198,1
DA:217,1
DA:223,1
DA:227,1
DA:231,1
DA:235,1
DA:248,1
DA:263,1
DA:268,1
DA:272,1
DA:275,1
DA:279,1
DA:290,1
DA:298,1
DA:309,1
DA:317,1
DA:320,1
DA:341,1
DA:362,1
DA:385,1
DA:408,1
DA:414,1
DA:421,1
DA:430,1
DA:433,1
DA:452,1
DA:470,1
DA:485,1
DA:504,1
DA:519,1
DA:534,1
DA:540,1
DA:63,1
DA:632,1
DA:637,1
end_of_record
SF:/home/svekars/pytorch/torch/csrc/api/include/torch/nn/modules/container/moduledict.h
DA:258,1
DA:73,0
DA:76,1
DA:83,1
DA:89,1
DA:94,1
DA:99,1
DA:104,1
DA:109,1
DA:114,1
DA:119,1
DA:124,1
DA:129,1
DA:134,1
DA:139,1
DA:147,1
DA:158,1
DA:161,1
DA:168,1
DA:176,1
DA:194,1
DA:211,1
DA:220,1
DA:231,1
DA:66,1
end_of_record
SF:/home/svekars/pytorch/torch/csrc/api/include/torch/nn/pimpl.h
DA:43,1
DA:54,1
DA:64,1
DA:71,1
DA:76,1
DA:81,1
DA:86,1
DA:91,1
DA:96,1
DA:101,1
DA:107,1
DA:113,1
DA:120,1
DA:133,1
DA:138,1
DA:26,1
DA:155,1
DA:163,1
DA:171,1
end_of_record
SF:/home/svekars/pytorch/torch/csrc/api/include/torch/nn/modules/container/modulelist.h
DA:270,1
DA:61,0
DA:65,1
DA:72,1
DA:83,1
DA:86,1
DA:90,0
DA:100,1
DA:108,1
DA:114,1
DA:121,1
DA:126,1
DA:131,1
DA:136,1
DA:144,1
DA:163,1
DA:181,1
DA:190,1
DA:199,1
DA:205,1
DA:210,1
DA:214,0
DA:235,1
DA:243,1
DA:56,1
end_of_record
SF:/home/svekars/pytorch/torch/csrc/api/include/torch/nn/modules/container/named_any.h
DA:37,1
DA:45,1
DA:54,1
DA:58,1
DA:62,1
DA:67,1
DA:72,1
DA:33,1
end_of_record
SF:/home/svekars/pytorch/torch/csrc/api/include/torch/data/transforms/tensor.h
DA:59,1
DA:67,1
DA:55,1
DA:40,1
DA:44,1
DA:35,1
DA:24,1
DA:27,1
DA:16,1
end_of_record
SF:/home/svekars/pytorch/torch/csrc/api/include/torch/data/detail/sequencers.h
DA:37,0
DA:35,1
DA:65,1
DA:68,1
DA:97,1
DA:60,1
DA:28,0
DA:29,0
DA:26,1
DA:12,0
end_of_record
SF:/home/svekars/pytorch/torch/csrc/api/include/torch/optim/optimizer.h
DA:315,0
DA:316,0
DA:317,0
DA:318,0
DA:320,0
DA:330,1
DA:338,1
DA:340,0
DA:344,1
DA:347,1
DA:350,1
DA:354,1
DA:358,1
DA:361,1
DA:363,0
DA:365,0
DA:368,1
DA:371,1
DA:375,1
DA:378,1
DA:382,1
DA:385,1
DA:311,0
DA:107,1
DA:49,0
DA:57,0
DA:58,0
DA:59,0
DA:60,0
DA:61,0
DA:62,0
DA:63,0
DA:64,0
DA:65,0
DA:66,0
DA:67,0
DA:55,0
DA:281,0
DA:286,0
DA:287,0
DA:289,0
DA:294,0
DA:296,0
DA:298,0
DA:299,0
DA:300,0
DA:301,0
DA:302,0
DA:303,0
DA:304,0
DA:277,1
DA:37,0
DA:38,0
DA:39,0
DA:40,0
DA:41,0
DA:42,0
DA:43,0
DA:44,0
DA:45,0
DA:35,0
DA:449,1
DA:454,1
end_of_record
SF:/home/svekars/pytorch/c10/util/OptionalArrayRef.h
DA:28,0
DA:30,0
DA:32,0
DA:34,0
DA:36,0
DA:39,0
DA:42,0
DA:54,0
DA:66,0
DA:71,0
DA:77,0
DA:83,0
DA:88,0
DA:92,0
DA:97,0
DA:99,0
DA:101,0
DA:107,0
DA:119,0
DA:128,0
DA:132,0
DA:136,0
DA:140,0
DA:144,0
DA:148,0
DA:152,0
DA:156,0
DA:160,0
DA:164,0
DA:169,0
DA:173,0
DA:180,0
DA:187,0
DA:193,0
DA:197,0
DA:204,0
DA:210,0
DA:24,0
DA:222,0
DA:231,0
end_of_record
SF:/home/svekars/pytorch/aten/src/ATen/core/Tensor.h
DA:10,0
DA:12,0
DA:16,0
DA:21,0
DA:24,0
DA:25,0
DA:30,0
DA:34,0
DA:38,0
DA:42,0
DA:46,0
DA:8,0
DA:58,0
DA:62,0
DA:64,0
DA:65,0
DA:66,0
DA:67,0
DA:69,0
DA:56,0
end_of_record
SF:/home/svekars/pytorch/torch/csrc/api/include/torch/serialize/output-archive.h
DA:25,0
DA:26,0
DA:31,0
DA:32,0
DA:35,0
DA:36,0
DA:38,0
DA:43,1
DA:47,1
DA:54,1
DA:58,1
DA:62,1
DA:66,1
DA:72,1
DA:23,0
end_of_record
SF:/home/svekars/pytorch/torch/csrc/api/include/torch/nn/modules/container/parameterdict.h
DA:144,0
DA:16,0
DA:18,0
DA:25,1
DA:28,1
DA:42,1
DA:50,1
DA:57,1
DA:62,1
DA:67,1
DA:72,1
DA:77,1
DA:82,1
DA:87,1
DA:92,1
DA:99,1
DA:106,1
DA:111,1
DA:118,1
DA:125,1
DA:132,1
DA:139,1
DA:11,0
end_of_record
SF:/home/svekars/pytorch/torch/csrc/api/include/torch/nn/modules/container/parameterlist.h
DA:166,0
DA:16,0
DA:20,1
DA:26,0
DA:33,1
DA:36,1
DA:49,1
DA:56,1
DA:65,1
DA:74,1
DA:83,1
DA:90,1
DA:97,1
DA:104,1
DA:111,1
DA:119,1
DA:127,1
DA:134,1
DA:139,1
DA:143,1
DA:149,1
DA:9,0
end_of_record
SF:/home/svekars/pytorch/torch/csrc/api/include/torch/nn/modules/pixelshuffle.h
DA:47,1
DA:29,0
DA:32,1
DA:34,0
DA:36,1
DA:27,1
DA:84,1
DA:66,0
DA:69,1
DA:71,0
DA:73,1
DA:64,1
end_of_record
SF:/home/svekars/pytorch/torch/csrc/api/include/torch/nn/options/pixelshuffle.h
DA:16,0
DA:20,0
DA:15,1
DA:30,0
DA:34,0
DA:29,1
end_of_record
SF:/home/svekars/pytorch/torch/csrc/api/include/torch/data/detail/queue.h
DA:29,1
DA:41,1
DA:66,1
DA:25,1
end_of_record
SF:/home/svekars/pytorch/torch/csrc/api/include/torch/data/samplers/random.h
DA:25,1
DA:27,0
DA:30,1
DA:33,1
DA:36,1
DA:39,1
DA:42,1
DA:18,1
end_of_record
SF:/home/svekars/pytorch/torch/csrc/api/include/torch/optim/schedulers/reduce_on_plateau_scheduler.h
DA:16,0
DA:28,0
DA:30,0
DA:12,0
end_of_record
SF:/home/svekars/pytorch/torch/csrc/jit/runtime/custom_operator.h
DA:16,0
DA:21,1
DA:15,1
end_of_record
SF:/home/svekars/pytorch/torch/csrc/api/include/torch/optim/rmsprop.h
DA:59,0
DA:77,0
DA:81,1
DA:82,1
DA:83,1
DA:57,0
DA:24,0
DA:25,0
DA:26,0
DA:27,0
DA:28,0
DA:29,0
DA:30,0
DA:33,0
DA:34,0
DA:38,0
DA:39,0
DA:22,0
DA:44,0
DA:45,0
DA:46,0
DA:47,0
DA:50,0
DA:51,0
DA:42,0
end_of_record
SF:/home/svekars/pytorch/torch/csrc/api/include/torch/data/samplers/base.h
DA:23,0
DA:28,1
DA:32,1
DA:35,1
DA:38,1
DA:19,1
end_of_record
SF:/home/svekars/pytorch/torch/csrc/api/include/torch/nn/modules/container/sequential.h
DA:379,0
DA:384,1
DA:375,1
DA:96,0
DA:100,1
DA:106,1
DA:117,1
DA:126,1
DA:137,1
DA:140,1
DA:172,1
DA:197,1
DA:203,1
DA:213,1
DA:221,1
DA:229,1
DA:236,1
DA:242,1
DA:249,1
DA:253,0
DA:260,1
DA:265,1
DA:270,1
DA:275,1
DA:283,1
DA:295,1
DA:306,1
DA:315,1
DA:324,1
DA:330,1
DA:335,1
DA:91,1
end_of_record
SF:/home/svekars/pytorch/torch/csrc/api/include/torch/data/samplers/sequential.h
DA:22,1
DA:25,1
DA:28,1
DA:31,1
DA:34,1
DA:37,1
DA:18,1
end_of_record
SF:/home/svekars/pytorch/torch/csrc/api/include/torch/optim/sgd.h
DA:52,0
DA:71,0
DA:74,1
DA:76,1
DA:77,1
DA:50,0
DA:21,0
DA:22,0
DA:23,0
DA:24,0
DA:25,0
DA:26,0
DA:29,0
DA:30,0
DA:34,0
DA:35,0
DA:20,0
DA:40,0
DA:43,0
DA:44,0
DA:38,0
end_of_record
SF:/home/svekars/pytorch/torch/csrc/api/include/torch/data/datasets/shared.h
DA:29,1
DA:34,1
DA:39,1
DA:44,1
DA:49,1
DA:54,1
DA:59,1
DA:64,1
DA:19,1
DA:76,1
end_of_record
SF:/home/svekars/pytorch/torch/csrc/api/include/torch/data/transforms/stack.h
DA:13,0
DA:19,0
DA:18,1
DA:36,0
DA:34,1
end_of_record
SF:/home/svekars/pytorch/torch/csrc/api/include/torch/data/dataloader/stateful.h
DA:37,1
DA:25,1
end_of_record
SF:/home/svekars/pytorch/torch/csrc/api/include/torch/data/datasets/stateful.h
DA:37,1
DA:40,1
DA:43,1
DA:33,1
DA:48,1
DA:57,1
end_of_record
SF:/home/svekars/pytorch/torch/csrc/api/include/torch/data/dataloader/stateless.h
DA:36,1
DA:23,1
end_of_record
SF:/home/svekars/pytorch/torch/csrc/api/include/torch/optim/schedulers/step_lr.h
DA:9,0
DA:7,0
end_of_record
SF:/home/svekars/pytorch/c10/core/Stream.h
DA:85,1
DA:92,1
DA:95,0
DA:98,0
DA:102,0
DA:105,0
DA:108,0
DA:111,0
DA:118,0
DA:125,0
DA:131,0
DA:135,0
DA:144,0
DA:154,0
DA:158,0
DA:70,1
DA:24,0
DA:171,0
end_of_record
SF:/home/svekars/pytorch/torch/csrc/stable/tensor_struct.h
DA:62,1
DA:80,1
DA:110,1
DA:126,1
DA:140,1
DA:153,1
DA:168,1
DA:180,1
DA:191,1
DA:204,1
DA:217,1
DA:239,1
DA:255,1
DA:272,1
DA:287,1
DA:320,1
DA:334,1
DA:348,1
DA:363,1
DA:376,1
DA:392,1
DA:406,1
DA:420,1
DA:430,1
DA:440,1
DA:49,1
end_of_record
SF:/home/svekars/pytorch/torch/csrc/api/include/torch/data/datasets/tensor.h
DA:16,1
DA:19,0
DA:22,1
DA:27,1
DA:14,1
end_of_record
SF:/home/svekars/pytorch/torch/csrc/api/include/torch/nn/modules/transformer.h
DA:139,1
DA:35,0
DA:86,1
DA:96,1
DA:98,0
DA:111,1
DA:33,1
end_of_record
SF:/home/svekars/pytorch/torch/csrc/api/include/torch/nn/modules/transformercoder.h
DA:150,1
DA:99,0
DA:104,0
DA:106,1
DA:108,0
DA:119,1
DA:96,1
DA:74,1
DA:38,0
DA:43,0
DA:45,0
DA:50,1
DA:52,0
DA:35,1
end_of_record
SF:/home/svekars/pytorch/torch/csrc/api/include/torch/nn/modules/transformerlayer.h
DA:191,1
DA:113,0
DA:116,0
DA:118,0
DA:120,0
DA:131,1
DA:110,1
DA:38,0
DA:41,0
DA:43,0
DA:48,1
DA:50,0
DA:35,1
end_of_record
SF:/home/svekars/pytorch/torch/csrc/api/include/torch/nn/options/transformerlayer.h
DA:51,0
DA:54,0
DA:57,0
DA:60,0
DA:63,0
DA:67,0
DA:50,1
DA:22,0
DA:25,0
DA:28,0
DA:31,0
DA:34,0
DA:21,1
DA:1,0
DA:38,0
DA:39,0
DA:42,0
DA:45,0
DA:48,0
end_of_record
SF:/home/svekars/pytorch/torch/csrc/api/include/torch/nn/options/transformercoder.h
DA:55,0
DA:60,0
DA:65,0
DA:68,0
DA:71,0
DA:52,1
DA:24,0
DA:29,0
DA:34,0
DA:37,0
DA:40,0
DA:21,1
end_of_record
SF:/home/svekars/pytorch/torch/csrc/api/include/torch/nn/options/transformer.h
DA:24,0
DA:25,0
DA:26,0
DA:34,0
DA:37,0
DA:40,0
DA:43,0
DA:46,0
DA:49,0
DA:53,0
DA:56,0
DA:59,0
DA:21,1
end_of_record
SF:/home/svekars/pytorch/torch/csrc/api/include/torch/nn/modules/upsampling.h
DA:51,1
DA:33,0
DA:35,1
DA:38,1
DA:40,0
DA:31,1
end_of_record
SF:/home/svekars/pytorch/torch/csrc/api/include/torch/data/worker_exception.h
DA:14,1
DA:26,0
DA:12,1
end_of_record
SF:/home/svekars/pytorch/aten/src/ATen/cuda/CUDAContextLight.h
DA:93,0
DA:61,1
DA:70,1
DA:74,0
DA:76,0
DA:78,0
DA:80,0
DA:84,0
DA:87,0
DA:88,0
DA:89,0
DA:91,0
DA:92,0
DA:98,0
DA:99,0
DA:100,0
DA:101,0
DA:102,0
DA:104,0
end_of_record
SF:/home/svekars/pytorch/c10/xpu/XPUStream.h
DA:42,1
DA:47,1
DA:49,0
DA:53,0
DA:58,1
DA:63,1
DA:69,1
DA:74,1
DA:79,1
DA:85,1
DA:91,1
DA:97,1
DA:103,1
DA:114,1
DA:117,1
DA:120,1
DA:126,1
DA:131,1
DA:139,1
DA:36,0
DA:155,1
DA:164,1
DA:181,1
DA:187,1
DA:193,1
DA:195,0
DA:201,1
end_of_record
SF:/home/svekars/pytorch/aten/src/ATen/DeviceGuard.h
DA:18,1
DA:26,0
DA:33,1
end_of_record
SF:/home/svekars/pytorch/aten/src/ATen/cudnn/Types.h
DA:9,0
DA:10,0
end_of_record
SF:/home/svekars/pytorch/aten/src/ATen/cudnn/Utils.h
DA:14,0
end_of_record
SF:/home/svekars/pytorch/aten/src/ATen/native/TensorShape.h
DA:8,0
DA:10,0
DA:16,0
DA:49,0
DA:61,0
DA:87,0
DA:97,0
DA:111,0
end_of_record
SF:/home/svekars/pytorch/c10/core/DeviceType.h
DA:14,0
DA:16,0
DA:18,0
DA:20,0
DA:21,0
DA:23,0
end_of_record
SF:/home/svekars/pytorch/c10/util/Optional.h
DA:39,0
DA:49,0
DA:32,0
end_of_record
SF:/home/svekars/pytorch/torch/csrc/api/include/torch/serialize.h
DA:41,1
DA:66,1
DA:75,0
DA:76,0
DA:105,1
DA:128,1
end_of_record
SF:/home/svekars/pytorch/torch/csrc/api/include/torch/serialize/tensor.h
DA:7,0
DA:14,0
end_of_record
SF:/home/svekars/pytorch/torch/csrc/api/include/torch/utils.h
DA:92,0
end_of_record
SF:/home/svekars/pytorch/torch/csrc/autograd/autograd.h
DA:80,1
DA:94,1
DA:101,1
end_of_record
SF:/home/svekars/pytorch/torch/csrc/api/include/torch/cuda.h
DA:11,1
DA:14,1
DA:20,1
DA:23,1
DA:26,1
end_of_record
SF:/home/svekars/pytorch/torch/csrc/api/include/torch/data/dataloader.h
DA:23,1
DA:35,1
DA:48,1
end_of_record
SF:/home/svekars/pytorch/torch/csrc/api/include/torch/data/samplers/serialize.h
DA:9,1
DA:18,1
end_of_record
SF:/home/svekars/pytorch/torch/csrc/api/include/torch/fft.h
DA:18,1
DA:34,1
DA:50,1
DA:66,1
DA:82,1
DA:98,1
DA:115,1
DA:134,1
DA:150,1
DA:166,1
DA:182,1
DA:198,1
DA:218,1
DA:237,1
DA:256,1
DA:276,1
DA:295,1
DA:315,1
DA:332,1
DA:336,0
DA:349,1
DA:353,0
DA:367,1
DA:384,1
end_of_record
SF:/home/svekars/pytorch/torch/csrc/api/include/torch/jit.h
DA:32,1
end_of_record
SF:/home/svekars/pytorch/torch/csrc/jit/serialization/import.h
DA:18,0
DA:24,0
DA:30,0
DA:36,0
DA:45,0
DA:52,0
DA:60,0
DA:67,0
DA:78,1
DA:83,0
DA:94,1
DA:99,0
DA:110,1
DA:115,0
DA:121,0
DA:127,0
DA:133,0
DA:138,0
DA:143,0
end_of_record
SF:/home/svekars/pytorch/torch/csrc/api/include/torch/mps.h
DA:21,1
DA:24,1
DA:30,1
DA:33,1
DA:36,1
DA:40,1
end_of_record
SF:/home/svekars/pytorch/torch/csrc/api/include/torch/nn/parallel/data_parallel.h
DA:105,0
DA:148,1
DA:167,1
DA:189,1
DA:252,1
end_of_record
SF:/home/svekars/pytorch/torch/csrc/api/include/torch/nn/functional/activation.h
DA:39,1
DA:69,1
DA:95,1
DA:132,1
DA:167,1
DA:176,0
DA:220,1
DA:260,1
DA:297,1
DA:334,1
DA:365,1
DA:379,0
DA:385,0
DA:391,0
DA:397,0
DA:427,1
DA:457,1
DA:492,1
DA:527,1
DA:553,1
DA:581,1
DA:589,0
DA:595,0
DA:629,1
DA:929,0
end_of_record
SF:/home/svekars/pytorch/torch/csrc/api/include/torch/nn/functional/batchnorm.h
DA:63,1
end_of_record
SF:/home/svekars/pytorch/torch/csrc/api/include/torch/nn/functional/conv.h
DA:54,1
DA:100,1
DA:146,1
DA:192,1
DA:237,1
DA:282,1
end_of_record
SF:/home/svekars/pytorch/torch/csrc/api/include/torch/nn/functional/distance.h
DA:33,1
DA:68,1
DA:80,1
end_of_record
SF:/home/svekars/pytorch/torch/csrc/api/include/torch/nn/functional/dropout.h
DA:39,1
DA:108,1
DA:140,1
DA:181,1
DA:223,1
end_of_record
SF:/home/svekars/pytorch/torch/csrc/api/include/torch/nn/functional/embedding.h
DA:7,0
DA:71,1
DA:188,1
end_of_record
SF:/home/svekars/pytorch/torch/csrc/api/include/torch/nn/functional/fold.h
DA:43,1
DA:89,1
end_of_record
SF:/home/svekars/pytorch/torch/csrc/api/include/torch/nn/functional/instancenorm.h
DA:45,1
end_of_record
SF:/home/svekars/pytorch/torch/csrc/api/include/torch/nn/functional/linear.h
DA:7,0
DA:17,0
end_of_record
SF:/home/svekars/pytorch/torch/csrc/api/include/torch/nn/functional/loss.h
DA:32,1
DA:89,1
DA:137,1
DA:192,1
DA:229,1
DA:278,1
DA:321,1
DA:332,0
DA:382,1
DA:399,1
DA:455,1
DA:491,1
DA:525,1
DA:584,1
DA:632,1
DA:714,1
DA:766,1
DA:817,1
DA:869,1
DA:925,1
DA:972,1
DA:1027,1
end_of_record
SF:/home/svekars/pytorch/torch/csrc/api/include/torch/nn/functional/normalization.h
DA:41,1
DA:75,1
DA:156,1
DA:196,1
end_of_record
SF:/home/svekars/pytorch/torch/csrc/api/include/torch/nn/functional/padding.h
DA:50,1
end_of_record
SF:/home/svekars/pytorch/torch/csrc/api/include/torch/nn/functional/pixelshuffle.h
DA:31,1
DA:37,0
end_of_record
SF:/home/svekars/pytorch/torch/csrc/api/include/torch/nn/functional/pooling.h
DA:37,1
DA:83,1
DA:130,1
DA:172,1
DA:207,1
DA:246,1
DA:281,1
DA:320,1
DA:355,1
DA:415,1
DA:442,1
DA:471,1
DA:498,1
DA:527,1
DA:558,1
DA:589,1
DA:620,1
DA:628,0
DA:713,1
DA:756,1
DA:798,1
DA:860,1
DA:895,1
DA:956,1
DA:991,1
DA:1039,1
DA:1088,1
DA:1138,1
end_of_record
SF:/home/svekars/pytorch/torch/csrc/api/include/torch/nn/functional/upsampling.h
DA:12,0
DA:273,1
end_of_record
SF:/home/svekars/pytorch/torch/csrc/api/include/torch/nn/functional/vision.h
DA:8,0
DA:107,1
end_of_record
SF:/home/svekars/pytorch/torch/csrc/api/include/torch/nn/init.h
DA:31,1
DA:37,1
DA:41,1
DA:45,1
DA:50,1
DA:54,1
DA:62,1
DA:71,1
DA:76,1
DA:83,1
DA:94,1
DA:104,1
DA:111,1
DA:115,1
DA:117,0
end_of_record
SF:/home/svekars/pytorch/torch/csrc/api/include/torch/nn/modules/utils.h
DA:16,0
DA:30,0
end_of_record
SF:/home/svekars/pytorch/torch/csrc/api/include/torch/nn/utils/clip_grad.h
DA:21,0
DA:95,0
DA:106,0
DA:119,0
DA:131,0
DA:139,0
end_of_record
SF:/home/svekars/pytorch/torch/csrc/api/include/torch/nn/utils/convert_parameters.h
DA:12,0
DA:37,0
DA:55,0
end_of_record
SF:/home/svekars/pytorch/torch/csrc/api/include/torch/nn/utils/rnn.h
DA:10,0
DA:214,0
DA:243,1
DA:306,1
DA:334,1
end_of_record
SF:/home/svekars/pytorch/torch/csrc/api/include/torch/optim/serialize.h
DA:122,1
DA:128,1
DA:134,1
DA:140,1
DA:149,0
DA:166,0
DA:214,1
DA:228,1
DA:244,0
DA:254,0
DA:17,0
DA:34,0
DA:51,0
DA:85,0
end_of_record
SF:/home/svekars/pytorch/torch/csrc/api/include/torch/python.h
DA:106,1
DA:217,1
DA:252,1
DA:24,0
DA:32,0
DA:48,1
end_of_record
SF:/home/svekars/pytorch/torch/csrc/api/include/torch/python/init.h
DA:7,1
end_of_record
SF:/home/svekars/pytorch/torch/csrc/api/include/torch/special.h
DA:16,1
DA:20,0
DA:33,1
DA:37,0
DA:53,1
DA:57,0
DA:72,1
DA:76,0
DA:88,1
DA:92,0
DA:104,1
DA:108,0
DA:120,1
DA:124,0
DA:136,1
DA:140,0
DA:152,1
DA:156,0
DA:168,1
DA:172,0
DA:184,1
DA:188,0
DA:200,1
DA:204,0
DA:217,1
DA:221,0
DA:239,1
DA:243,0
DA:256,1
DA:260,0
DA:272,1
DA:276,0
DA:289,1
DA:293,0
DA:305,1
DA:309,0
DA:321,1
DA:325,0
DA:338,1
DA:342,0
DA:346,0
DA:350,0
DA:357,0
DA:364,0
DA:380,1
DA:384,0
DA:388,0
DA:392,0
DA:399,0
DA:406,0
DA:422,1
DA:426,0
DA:430,0
DA:434,0
DA:441,0
DA:448,0
DA:464,1
DA:468,0
DA:481,1
DA:485,0
DA:498,1
DA:502,0
DA:514,1
DA:518,0
DA:531,1
DA:535,0
DA:547,1
DA:551,0
DA:563,1
DA:567,0
DA:579,1
DA:583,0
DA:595,1
DA:610,1
DA:628,1
DA:632,0
DA:647,1
DA:651,0
DA:666,1
DA:670,0
DA:685,1
DA:689,0
DA:704,1
DA:708,0
DA:725,1
DA:729,0
DA:733,0
DA:737,0
DA:744,0
DA:751,0
DA:771,1
DA:775,0
DA:779,0
DA:783,0
DA:790,0
DA:797,0
DA:817,1
DA:821,0
DA:825,0
DA:829,0
DA:836,0
DA:843,0
DA:863,1
DA:867,0
DA:871,0
DA:875,0
DA:882,0
DA:889,0
DA:909,1
DA:913,0
DA:917,0
DA:921,0
DA:928,0
DA:935,0
DA:955,1
DA:959,0
DA:963,0
DA:967,0
DA:974,0
DA:981,0
DA:1001,1
DA:1005,0
DA:1009,0
DA:1013,0
DA:1020,0
DA:1027,0
DA:1047,1
DA:1051,0
DA:1055,0
DA:1059,0
DA:1066,0
DA:1073,0
DA:1092,1
DA:1096,0
DA:1112,1
DA:1116,0
DA:1132,1
DA:1136,0
DA:1152,1
DA:1156,0
DA:1172,1
DA:1176,0
DA:1192,1
DA:1196,0
DA:1213,1
DA:1217,0
DA:1221,0
DA:1225,0
DA:1232,0
DA:1239,0
DA:1259,1
DA:1263,0
DA:1267,0
DA:1271,0
DA:1278,0
DA:1285,0
DA:1305,1
DA:1309,0
DA:1313,0
DA:1317,0
DA:1324,0
DA:1331,0
DA:1351,1
DA:1355,0
DA:1359,0
DA:1363,0
DA:1370,0
DA:1377,0
DA:1396,1
DA:1400,0
end_of_record
SF:/home/svekars/pytorch/torch/csrc/stable/ops.h
DA:35,1
DA:67,1
DA:89,1
DA:116,1
DA:167,1
DA:223,1
DA:249,1
DA:275,1
DA:300,1
DA:328,1
DA:354,1
DA:384,1
DA:411,1
DA:442,1
DA:470,1
DA:501,1
DA:531,1
DA:564,1
DA:588,1
DA:609,1
DA:641,1
DA:663,1
DA:690,1
DA:741,1
DA:824,1
DA:862,1
DA:889,1
DA:918,1
DA:954,1
DA:987,1
DA:1017,1
DA:1051,1
DA:1077,1
end_of_record
SF:/home/svekars/pytorch/torch/csrc/api/include/torch/xpu.h
DA:11,1
DA:14,1
DA:17,1
DA:20,1
DA:23,1
end_of_record
